2017-11-25 21:42:17,720 [INFO ] ResourceManager      :- Loading org data...
2017-11-25 21:55:37,000 [ERROR] HibernateEngine      :- Could not initialise database connection.
org.hibernate.boot.registry.classloading.spi.ClassLoadingException: HHH010003: JDBC Driver class not found: com.mysql.jdbc.Driver
	at org.hibernate.c3p0.internal.C3P0ConnectionProvider.configure(C3P0ConnectionProvider.java:148) ~[hibernate-c3p0-4.3.11.Final.jar:4.3.11.Final]
	at org.hibernate.boot.registry.internal.StandardServiceRegistryImpl.configureService(StandardServiceRegistryImpl.java:111) ~[hibernate-core-4.3.11.Final.jar:4.3.11.Final]
	at org.hibernate.service.internal.AbstractServiceRegistryImpl.initializeService(AbstractServiceRegistryImpl.java:234) ~[hibernate-core-4.3.11.Final.jar:4.3.11.Final]
	at org.hibernate.service.internal.AbstractServiceRegistryImpl.getService(AbstractServiceRegistryImpl.java:206) ~[hibernate-core-4.3.11.Final.jar:4.3.11.Final]
	at org.hibernate.engine.jdbc.internal.JdbcServicesImpl.buildJdbcConnectionAccess(JdbcServicesImpl.java:260) ~[hibernate-core-4.3.11.Final.jar:4.3.11.Final]
	at org.hibernate.engine.jdbc.internal.JdbcServicesImpl.configure(JdbcServicesImpl.java:94) ~[hibernate-core-4.3.11.Final.jar:4.3.11.Final]
	at org.hibernate.boot.registry.internal.StandardServiceRegistryImpl.configureService(StandardServiceRegistryImpl.java:111) ~[hibernate-core-4.3.11.Final.jar:4.3.11.Final]
	at org.hibernate.service.internal.AbstractServiceRegistryImpl.initializeService(AbstractServiceRegistryImpl.java:234) ~[hibernate-core-4.3.11.Final.jar:4.3.11.Final]
	at org.hibernate.service.internal.AbstractServiceRegistryImpl.getService(AbstractServiceRegistryImpl.java:206) ~[hibernate-core-4.3.11.Final.jar:4.3.11.Final]
	at org.hibernate.cfg.Configuration.buildTypeRegistrations(Configuration.java:1887) ~[hibernate-core-4.3.11.Final.jar:4.3.11.Final]
	at org.hibernate.cfg.Configuration.buildSessionFactory(Configuration.java:1845) ~[hibernate-core-4.3.11.Final.jar:4.3.11.Final]
	at org.yawlfoundation.yawl.util.HibernateEngine.initialise(HibernateEngine.java:99) ~[classes/:?]
	at org.yawlfoundation.yawl.util.HibernateEngine.<init>(HibernateEngine.java:72) ~[classes/:?]
	at org.yawlfoundation.yawl.util.HibernateEngine.<init>(HibernateEngine.java:77) ~[classes/:?]
	at org.yawlfoundation.yawl.resourcing.datastore.HibernateEngine.<init>(HibernateEngine.java:72) ~[classes/:?]
	at org.yawlfoundation.yawl.resourcing.datastore.HibernateEngine.getInstance(HibernateEngine.java:80) [classes/:?]
	at org.yawlfoundation.yawl.resourcing.datastore.persistence.Persister.<clinit>(Persister.java:44) [classes/:?]
	at org.yawlfoundation.yawl.resourcing.ResourceManager.setPersisting(ResourceManager.java:1686) [classes/:?]
	at org.yawlfoundation.yawl.resourcing.rsInterface.ResourceGateway.init(ResourceGateway.java:80) [classes/:?]
	at javax.servlet.GenericServlet.init(GenericServlet.java:158) [servlet-api.jar:3.1.FR]
	at org.apache.catalina.core.StandardWrapper.initServlet(StandardWrapper.java:1183) [catalina.jar:8.5.23]
	at org.apache.catalina.core.StandardWrapper.loadServlet(StandardWrapper.java:1099) [catalina.jar:8.5.23]
	at org.apache.catalina.core.StandardWrapper.load(StandardWrapper.java:989) [catalina.jar:8.5.23]
	at org.apache.catalina.core.StandardContext.loadOnStartup(StandardContext.java:4931) [catalina.jar:8.5.23]
	at org.apache.catalina.core.StandardContext.startInternal(StandardContext.java:5241) [catalina.jar:8.5.23]
	at org.apache.catalina.util.LifecycleBase.start(LifecycleBase.java:150) [catalina.jar:8.5.23]
	at org.apache.catalina.core.ContainerBase.addChildInternal(ContainerBase.java:752) [catalina.jar:8.5.23]
	at org.apache.catalina.core.ContainerBase.addChild(ContainerBase.java:728) [catalina.jar:8.5.23]
	at org.apache.catalina.core.StandardHost.addChild(StandardHost.java:734) [catalina.jar:8.5.23]
	at org.apache.catalina.startup.HostConfig.deployWAR(HostConfig.java:988) [catalina.jar:8.5.23]
	at org.apache.catalina.startup.HostConfig$DeployWar.run(HostConfig.java:1860) [catalina.jar:8.5.23]
	at java.util.concurrent.Executors$RunnableAdapter.call(Executors.java:511) [?:1.8.0_144]
	at java.util.concurrent.FutureTask.run(FutureTask.java:266) [?:1.8.0_144]
	at java.util.concurrent.ThreadPoolExecutor.runWorker(ThreadPoolExecutor.java:1149) [?:1.8.0_144]
	at java.util.concurrent.ThreadPoolExecutor$Worker.run(ThreadPoolExecutor.java:624) [?:1.8.0_144]
	at java.lang.Thread.run(Thread.java:748) [?:1.8.0_144]
Caused by: org.hibernate.boot.registry.classloading.spi.ClassLoadingException: Unable to load class [com.mysql.jdbc.Driver]
	at org.hibernate.boot.registry.classloading.internal.ClassLoaderServiceImpl.classForName(ClassLoaderServiceImpl.java:245) ~[hibernate-core-4.3.11.Final.jar:4.3.11.Final]
	at org.hibernate.c3p0.internal.C3P0ConnectionProvider.configure(C3P0ConnectionProvider.java:145) ~[hibernate-c3p0-4.3.11.Final.jar:4.3.11.Final]
	... 35 more
Caused by: java.lang.ClassNotFoundException: Could not load requested class : com.mysql.jdbc.Driver
	at org.hibernate.boot.registry.classloading.internal.ClassLoaderServiceImpl$AggregatedClassLoader.findClass(ClassLoaderServiceImpl.java:230) ~[hibernate-core-4.3.11.Final.jar:4.3.11.Final]
	at java.lang.ClassLoader.loadClass(ClassLoader.java:424) ~[?:1.8.0_144]
	at java.lang.ClassLoader.loadClass(ClassLoader.java:357) ~[?:1.8.0_144]
	at java.lang.Class.forName0(Native Method) ~[?:1.8.0_144]
	at java.lang.Class.forName(Class.java:348) ~[?:1.8.0_144]
	at org.hibernate.boot.registry.classloading.internal.ClassLoaderServiceImpl.classForName(ClassLoaderServiceImpl.java:242) ~[hibernate-core-4.3.11.Final.jar:4.3.11.Final]
	at org.hibernate.c3p0.internal.C3P0ConnectionProvider.configure(C3P0ConnectionProvider.java:145) ~[hibernate-c3p0-4.3.11.Final.jar:4.3.11.Final]
	... 35 more
2017-11-25 21:55:37,007 [INFO ] ResourceManager      :- Loading org data...
2017-11-25 21:55:37,095 [ERROR] HibernateEngine      :- Could not initialise database connection.
org.hibernate.boot.registry.classloading.spi.ClassLoadingException: HHH010003: JDBC Driver class not found: com.mysql.jdbc.Driver
	at org.hibernate.c3p0.internal.C3P0ConnectionProvider.configure(C3P0ConnectionProvider.java:148) ~[hibernate-c3p0-4.3.11.Final.jar:4.3.11.Final]
	at org.hibernate.boot.registry.internal.StandardServiceRegistryImpl.configureService(StandardServiceRegistryImpl.java:111) ~[hibernate-core-4.3.11.Final.jar:4.3.11.Final]
	at org.hibernate.service.internal.AbstractServiceRegistryImpl.initializeService(AbstractServiceRegistryImpl.java:234) ~[hibernate-core-4.3.11.Final.jar:4.3.11.Final]
	at org.hibernate.service.internal.AbstractServiceRegistryImpl.getService(AbstractServiceRegistryImpl.java:206) ~[hibernate-core-4.3.11.Final.jar:4.3.11.Final]
	at org.hibernate.engine.jdbc.internal.JdbcServicesImpl.buildJdbcConnectionAccess(JdbcServicesImpl.java:260) ~[hibernate-core-4.3.11.Final.jar:4.3.11.Final]
	at org.hibernate.engine.jdbc.internal.JdbcServicesImpl.configure(JdbcServicesImpl.java:94) ~[hibernate-core-4.3.11.Final.jar:4.3.11.Final]
	at org.hibernate.boot.registry.internal.StandardServiceRegistryImpl.configureService(StandardServiceRegistryImpl.java:111) ~[hibernate-core-4.3.11.Final.jar:4.3.11.Final]
	at org.hibernate.service.internal.AbstractServiceRegistryImpl.initializeService(AbstractServiceRegistryImpl.java:234) ~[hibernate-core-4.3.11.Final.jar:4.3.11.Final]
	at org.hibernate.service.internal.AbstractServiceRegistryImpl.getService(AbstractServiceRegistryImpl.java:206) ~[hibernate-core-4.3.11.Final.jar:4.3.11.Final]
	at org.hibernate.cfg.Configuration.buildTypeRegistrations(Configuration.java:1887) ~[hibernate-core-4.3.11.Final.jar:4.3.11.Final]
	at org.hibernate.cfg.Configuration.buildSessionFactory(Configuration.java:1845) ~[hibernate-core-4.3.11.Final.jar:4.3.11.Final]
	at org.yawlfoundation.yawl.util.HibernateEngine.initialise(HibernateEngine.java:99) ~[classes/:?]
	at org.yawlfoundation.yawl.util.HibernateEngine.<init>(HibernateEngine.java:72) ~[classes/:?]
	at org.yawlfoundation.yawl.util.HibernateEngine.<init>(HibernateEngine.java:77) ~[classes/:?]
	at org.yawlfoundation.yawl.resourcing.datastore.HibernateEngine.<init>(HibernateEngine.java:72) ~[classes/:?]
	at org.yawlfoundation.yawl.resourcing.datastore.HibernateEngine.getInstance(HibernateEngine.java:80) [classes/:?]
	at org.yawlfoundation.yawl.resourcing.datastore.orgdata.HibernateImpl.<init>(HibernateImpl.java:57) [classes/:?]
	at sun.reflect.NativeConstructorAccessorImpl.newInstance0(Native Method) ~[?:1.8.0_144]
	at sun.reflect.NativeConstructorAccessorImpl.newInstance(NativeConstructorAccessorImpl.java:62) [?:1.8.0_144]
	at sun.reflect.DelegatingConstructorAccessorImpl.newInstance(DelegatingConstructorAccessorImpl.java:45) [?:1.8.0_144]
	at java.lang.reflect.Constructor.newInstance(Constructor.java:423) [?:1.8.0_144]
	at java.lang.Class.newInstance(Class.java:442) [?:1.8.0_144]
	at org.yawlfoundation.yawl.util.YPluginLoader.getInstance(YPluginLoader.java:134) [classes/:?]
	at org.yawlfoundation.yawl.util.PluginLoaderUtil.loadInstance(PluginLoaderUtil.java:35) [classes/:?]
	at org.yawlfoundation.yawl.resourcing.util.PluginFactory.newDataSourceInstance(PluginFactory.java:93) [classes/:?]
	at org.yawlfoundation.yawl.resourcing.ResourceManager.initOrgDataSource(ResourceManager.java:169) [classes/:?]
	at org.yawlfoundation.yawl.resourcing.rsInterface.ResourceGateway.init(ResourceGateway.java:104) [classes/:?]
	at javax.servlet.GenericServlet.init(GenericServlet.java:158) [servlet-api.jar:3.1.FR]
	at org.apache.catalina.core.StandardWrapper.initServlet(StandardWrapper.java:1183) [catalina.jar:8.5.23]
	at org.apache.catalina.core.StandardWrapper.loadServlet(StandardWrapper.java:1099) [catalina.jar:8.5.23]
	at org.apache.catalina.core.StandardWrapper.load(StandardWrapper.java:989) [catalina.jar:8.5.23]
	at org.apache.catalina.core.StandardContext.loadOnStartup(StandardContext.java:4931) [catalina.jar:8.5.23]
	at org.apache.catalina.core.StandardContext.startInternal(StandardContext.java:5241) [catalina.jar:8.5.23]
	at org.apache.catalina.util.LifecycleBase.start(LifecycleBase.java:150) [catalina.jar:8.5.23]
	at org.apache.catalina.core.ContainerBase.addChildInternal(ContainerBase.java:752) [catalina.jar:8.5.23]
	at org.apache.catalina.core.ContainerBase.addChild(ContainerBase.java:728) [catalina.jar:8.5.23]
	at org.apache.catalina.core.StandardHost.addChild(StandardHost.java:734) [catalina.jar:8.5.23]
	at org.apache.catalina.startup.HostConfig.deployWAR(HostConfig.java:988) [catalina.jar:8.5.23]
	at org.apache.catalina.startup.HostConfig$DeployWar.run(HostConfig.java:1860) [catalina.jar:8.5.23]
	at java.util.concurrent.Executors$RunnableAdapter.call(Executors.java:511) [?:1.8.0_144]
	at java.util.concurrent.FutureTask.run(FutureTask.java:266) [?:1.8.0_144]
	at java.util.concurrent.ThreadPoolExecutor.runWorker(ThreadPoolExecutor.java:1149) [?:1.8.0_144]
	at java.util.concurrent.ThreadPoolExecutor$Worker.run(ThreadPoolExecutor.java:624) [?:1.8.0_144]
	at java.lang.Thread.run(Thread.java:748) [?:1.8.0_144]
Caused by: org.hibernate.boot.registry.classloading.spi.ClassLoadingException: Unable to load class [com.mysql.jdbc.Driver]
	at org.hibernate.boot.registry.classloading.internal.ClassLoaderServiceImpl.classForName(ClassLoaderServiceImpl.java:245) ~[hibernate-core-4.3.11.Final.jar:4.3.11.Final]
	at org.hibernate.c3p0.internal.C3P0ConnectionProvider.configure(C3P0ConnectionProvider.java:145) ~[hibernate-c3p0-4.3.11.Final.jar:4.3.11.Final]
	... 43 more
Caused by: java.lang.ClassNotFoundException: Could not load requested class : com.mysql.jdbc.Driver
	at org.hibernate.boot.registry.classloading.internal.ClassLoaderServiceImpl$AggregatedClassLoader.findClass(ClassLoaderServiceImpl.java:230) ~[hibernate-core-4.3.11.Final.jar:4.3.11.Final]
	at java.lang.ClassLoader.loadClass(ClassLoader.java:424) ~[?:1.8.0_144]
	at java.lang.ClassLoader.loadClass(ClassLoader.java:357) ~[?:1.8.0_144]
	at java.lang.Class.forName0(Native Method) ~[?:1.8.0_144]
	at java.lang.Class.forName(Class.java:348) ~[?:1.8.0_144]
	at org.hibernate.boot.registry.classloading.internal.ClassLoaderServiceImpl.classForName(ClassLoaderServiceImpl.java:242) ~[hibernate-core-4.3.11.Final.jar:4.3.11.Final]
	at org.hibernate.c3p0.internal.C3P0ConnectionProvider.configure(C3P0ConnectionProvider.java:145) ~[hibernate-c3p0-4.3.11.Final.jar:4.3.11.Final]
	... 43 more
2017-11-25 21:55:37,099 [ERROR] ResourceGateway      :- Gateway Initialisation Exception
java.lang.NullPointerException
	at org.yawlfoundation.yawl.resourcing.datastore.orgdata.HibernateImpl.loadResources(HibernateImpl.java:142) ~[classes/:?]
	at org.yawlfoundation.yawl.resourcing.ResourceManager.loadResources(ResourceManager.java:574) ~[classes/:?]
	at org.yawlfoundation.yawl.resourcing.ResourceManager.initOrgDataSource(ResourceManager.java:178) ~[classes/:?]
	at org.yawlfoundation.yawl.resourcing.rsInterface.ResourceGateway.init(ResourceGateway.java:104) [classes/:?]
	at javax.servlet.GenericServlet.init(GenericServlet.java:158) [servlet-api.jar:3.1.FR]
	at org.apache.catalina.core.StandardWrapper.initServlet(StandardWrapper.java:1183) [catalina.jar:8.5.23]
	at org.apache.catalina.core.StandardWrapper.loadServlet(StandardWrapper.java:1099) [catalina.jar:8.5.23]
	at org.apache.catalina.core.StandardWrapper.load(StandardWrapper.java:989) [catalina.jar:8.5.23]
	at org.apache.catalina.core.StandardContext.loadOnStartup(StandardContext.java:4931) [catalina.jar:8.5.23]
	at org.apache.catalina.core.StandardContext.startInternal(StandardContext.java:5241) [catalina.jar:8.5.23]
	at org.apache.catalina.util.LifecycleBase.start(LifecycleBase.java:150) [catalina.jar:8.5.23]
	at org.apache.catalina.core.ContainerBase.addChildInternal(ContainerBase.java:752) [catalina.jar:8.5.23]
	at org.apache.catalina.core.ContainerBase.addChild(ContainerBase.java:728) [catalina.jar:8.5.23]
	at org.apache.catalina.core.StandardHost.addChild(StandardHost.java:734) [catalina.jar:8.5.23]
	at org.apache.catalina.startup.HostConfig.deployWAR(HostConfig.java:988) [catalina.jar:8.5.23]
	at org.apache.catalina.startup.HostConfig$DeployWar.run(HostConfig.java:1860) [catalina.jar:8.5.23]
	at java.util.concurrent.Executors$RunnableAdapter.call(Executors.java:511) [?:1.8.0_144]
	at java.util.concurrent.FutureTask.run(FutureTask.java:266) [?:1.8.0_144]
	at java.util.concurrent.ThreadPoolExecutor.runWorker(ThreadPoolExecutor.java:1149) [?:1.8.0_144]
	at java.util.concurrent.ThreadPoolExecutor$Worker.run(ThreadPoolExecutor.java:624) [?:1.8.0_144]
	at java.lang.Thread.run(Thread.java:748) [?:1.8.0_144]
