21-Jan-2018 20:59:55.250 INFO [main] org.apache.catalina.startup.VersionLoggerListener.log Server version:        Apache Tomcat/8.5.23
21-Jan-2018 20:59:55.328 INFO [main] org.apache.catalina.startup.VersionLoggerListener.log Server built:          Sep 28 2017 10:30:11 UTC
21-Jan-2018 20:59:55.328 INFO [main] org.apache.catalina.startup.VersionLoggerListener.log Server number:         8.5.23.0
21-Jan-2018 20:59:55.328 INFO [main] org.apache.catalina.startup.VersionLoggerListener.log OS Name:               Linux
21-Jan-2018 20:59:55.328 INFO [main] org.apache.catalina.startup.VersionLoggerListener.log OS Version:            4.13.0-26-generic
21-Jan-2018 20:59:55.328 INFO [main] org.apache.catalina.startup.VersionLoggerListener.log Architecture:          amd64
21-Jan-2018 20:59:55.328 INFO [main] org.apache.catalina.startup.VersionLoggerListener.log Java Home:             /usr/lib/jvm/jdk1.8.0_144/jre
21-Jan-2018 20:59:55.329 INFO [main] org.apache.catalina.startup.VersionLoggerListener.log JVM Version:           1.8.0_144-b01
21-Jan-2018 20:59:55.329 INFO [main] org.apache.catalina.startup.VersionLoggerListener.log JVM Vendor:            Oracle Corporation
21-Jan-2018 20:59:55.329 INFO [main] org.apache.catalina.startup.VersionLoggerListener.log CATALINA_BASE:         /home/kevin/YAN/Cloud_Workflow_YAWL/tomcat/apache-tomcat-8.5.23
21-Jan-2018 20:59:55.329 INFO [main] org.apache.catalina.startup.VersionLoggerListener.log CATALINA_HOME:         /home/kevin/YAN/Cloud_Workflow_YAWL/tomcat/apache-tomcat-8.5.23
21-Jan-2018 20:59:55.329 INFO [main] org.apache.catalina.startup.VersionLoggerListener.log Command line argument: -Djava.util.logging.config.file=/home/kevin/YAN/Cloud_Workflow_YAWL/tomcat/apache-tomcat-8.5.23/conf/logging.properties
21-Jan-2018 20:59:55.329 INFO [main] org.apache.catalina.startup.VersionLoggerListener.log Command line argument: -Djava.util.logging.manager=org.apache.juli.ClassLoaderLogManager
21-Jan-2018 20:59:55.329 INFO [main] org.apache.catalina.startup.VersionLoggerListener.log Command line argument: -Djdk.tls.ephemeralDHKeySize=2048
21-Jan-2018 20:59:55.329 INFO [main] org.apache.catalina.startup.VersionLoggerListener.log Command line argument: -Djava.protocol.handler.pkgs=org.apache.catalina.webresources
21-Jan-2018 20:59:55.329 INFO [main] org.apache.catalina.startup.VersionLoggerListener.log Command line argument: -Dcatalina.base=/home/kevin/YAN/Cloud_Workflow_YAWL/tomcat/apache-tomcat-8.5.23
21-Jan-2018 20:59:55.330 INFO [main] org.apache.catalina.startup.VersionLoggerListener.log Command line argument: -Dcatalina.home=/home/kevin/YAN/Cloud_Workflow_YAWL/tomcat/apache-tomcat-8.5.23
21-Jan-2018 20:59:55.330 INFO [main] org.apache.catalina.startup.VersionLoggerListener.log Command line argument: -Djava.io.tmpdir=/home/kevin/YAN/Cloud_Workflow_YAWL/tomcat/apache-tomcat-8.5.23/temp
21-Jan-2018 20:59:55.330 INFO [main] org.apache.catalina.core.AprLifecycleListener.lifecycleEvent The APR based Apache Tomcat Native library which allows optimal performance in production environments was not found on the java.library.path: [/usr/java/packages/lib/amd64:/usr/lib64:/lib64:/lib:/usr/lib]
21-Jan-2018 20:59:55.881 INFO [main] org.apache.coyote.AbstractProtocol.init Initializing ProtocolHandler ["http-nio-8080"]
21-Jan-2018 20:59:55.898 INFO [main] org.apache.tomcat.util.net.NioSelectorPool.getSharedSelector Using a shared selector for servlet write/read
21-Jan-2018 20:59:55.910 INFO [main] org.apache.coyote.AbstractProtocol.init Initializing ProtocolHandler ["ajp-nio-8009"]
21-Jan-2018 20:59:55.912 INFO [main] org.apache.tomcat.util.net.NioSelectorPool.getSharedSelector Using a shared selector for servlet write/read
21-Jan-2018 20:59:55.912 INFO [main] org.apache.catalina.startup.Catalina.load Initialization processed in 1721 ms
21-Jan-2018 20:59:55.975 INFO [main] org.apache.catalina.core.StandardService.startInternal Starting service [Catalina]
21-Jan-2018 20:59:55.975 INFO [main] org.apache.catalina.core.StandardEngine.startInternal Starting Servlet Engine: Apache Tomcat/8.5.23
21-Jan-2018 20:59:56.101 INFO [localhost-startStop-1] org.apache.catalina.startup.HostConfig.deployWAR Deploying web application archive [/home/kevin/YAN/Cloud_Workflow_YAWL/tomcat/apache-tomcat-8.5.23/webapps/yawlSMSInvoker.war]
21-Jan-2018 20:59:57.618 INFO [localhost-startStop-1] org.apache.catalina.startup.HostConfig.deployWAR Deployment of web application archive [/home/kevin/YAN/Cloud_Workflow_YAWL/tomcat/apache-tomcat-8.5.23/webapps/yawlSMSInvoker.war] has finished in [1,516] ms
21-Jan-2018 20:59:57.668 INFO [localhost-startStop-1] org.apache.catalina.startup.HostConfig.deployWAR Deploying web application archive [/home/kevin/YAN/Cloud_Workflow_YAWL/tomcat/apache-tomcat-8.5.23/webapps/resourceService.war]
21-Jan-2018 21:00:00.747 INFO [localhost-startStop-1] org.apache.jasper.servlet.TldScanner.scanJars At least one JAR was scanned for TLDs yet contained no TLDs. Enable debug logging for this logger for a complete list of JARs that were scanned but no TLDs were found in them. Skipping unneeded JARs during scanning can improve startup time and JSP compilation time.
21-Jan-2018 21:00:06.186 INFO [localhost-startStop-1] org.apache.catalina.startup.HostConfig.deployWAR Deployment of web application archive [/home/kevin/YAN/Cloud_Workflow_YAWL/tomcat/apache-tomcat-8.5.23/webapps/resourceService.war] has finished in [8,518] ms
21-Jan-2018 21:00:06.268 INFO [localhost-startStop-1] org.apache.catalina.startup.HostConfig.deployWAR Deploying web application archive [/home/kevin/YAN/Cloud_Workflow_YAWL/tomcat/apache-tomcat-8.5.23/webapps/twitterService.war]
21-Jan-2018 21:00:07.799 INFO [localhost-startStop-1] org.apache.jasper.servlet.TldScanner.scanJars At least one JAR was scanned for TLDs yet contained no TLDs. Enable debug logging for this logger for a complete list of JARs that were scanned but no TLDs were found in them. Skipping unneeded JARs during scanning can improve startup time and JSP compilation time.
21-Jan-2018 21:00:08.169 INFO [localhost-startStop-1] org.apache.catalina.startup.HostConfig.deployWAR Deployment of web application archive [/home/kevin/YAN/Cloud_Workflow_YAWL/tomcat/apache-tomcat-8.5.23/webapps/twitterService.war] has finished in [1,901] ms
21-Jan-2018 21:00:08.208 INFO [localhost-startStop-1] org.apache.catalina.startup.HostConfig.deployWAR Deploying web application archive [/home/kevin/YAN/Cloud_Workflow_YAWL/tomcat/apache-tomcat-8.5.23/webapps/mailService.war]
21-Jan-2018 21:00:08.633 INFO [localhost-startStop-1] org.apache.jasper.servlet.TldScanner.scanJars At least one JAR was scanned for TLDs yet contained no TLDs. Enable debug logging for this logger for a complete list of JARs that were scanned but no TLDs were found in them. Skipping unneeded JARs during scanning can improve startup time and JSP compilation time.
21-Jan-2018 21:00:08.931 INFO [localhost-startStop-1] org.apache.catalina.startup.HostConfig.deployWAR Deployment of web application archive [/home/kevin/YAN/Cloud_Workflow_YAWL/tomcat/apache-tomcat-8.5.23/webapps/mailService.war] has finished in [723] ms
21-Jan-2018 21:00:08.951 INFO [localhost-startStop-1] org.apache.catalina.startup.HostConfig.deployWAR Deploying web application archive [/home/kevin/YAN/Cloud_Workflow_YAWL/tomcat/apache-tomcat-8.5.23/webapps/yawl.war]
21-Jan-2018 21:00:10.030 INFO [localhost-startStop-1] org.apache.jasper.servlet.TldScanner.scanJars At least one JAR was scanned for TLDs yet contained no TLDs. Enable debug logging for this logger for a complete list of JARs that were scanned but no TLDs were found in them. Skipping unneeded JARs during scanning can improve startup time and JSP compilation time.
21-Jan-2018 21:00:13.292 INFO [localhost-startStop-1] org.apache.catalina.startup.HostConfig.deployWAR Deployment of web application archive [/home/kevin/YAN/Cloud_Workflow_YAWL/tomcat/apache-tomcat-8.5.23/webapps/yawl.war] has finished in [4,340] ms
21-Jan-2018 21:00:13.339 INFO [localhost-startStop-1] org.apache.catalina.startup.HostConfig.deployWAR Deploying web application archive [/home/kevin/YAN/Cloud_Workflow_YAWL/tomcat/apache-tomcat-8.5.23/webapps/schedulingService.war]
21-Jan-2018 21:00:14.554 INFO [localhost-startStop-1] org.apache.jasper.servlet.TldScanner.scanJars At least one JAR was scanned for TLDs yet contained no TLDs. Enable debug logging for this logger for a complete list of JARs that were scanned but no TLDs were found in them. Skipping unneeded JARs during scanning can improve startup time and JSP compilation time.
21-Jan-2018 21:00:16.586 INFO [localhost-startStop-1] org.apache.catalina.startup.HostConfig.deployWAR Deployment of web application archive [/home/kevin/YAN/Cloud_Workflow_YAWL/tomcat/apache-tomcat-8.5.23/webapps/schedulingService.war] has finished in [3,248] ms
21-Jan-2018 21:00:16.628 INFO [localhost-startStop-1] org.apache.catalina.startup.HostConfig.deployWAR Deploying web application archive [/home/kevin/YAN/Cloud_Workflow_YAWL/tomcat/apache-tomcat-8.5.23/webapps/procletService.war]
21-Jan-2018 21:00:17.818 INFO [localhost-startStop-1] org.apache.jasper.servlet.TldScanner.scanJars At least one JAR was scanned for TLDs yet contained no TLDs. Enable debug logging for this logger for a complete list of JARs that were scanned but no TLDs were found in them. Skipping unneeded JARs during scanning can improve startup time and JSP compilation time.
21-Jan-2018 21:00:20.029 INFO [localhost-startStop-1] org.apache.catalina.startup.HostConfig.deployWAR Deployment of web application archive [/home/kevin/YAN/Cloud_Workflow_YAWL/tomcat/apache-tomcat-8.5.23/webapps/procletService.war] has finished in [3,401] ms
21-Jan-2018 21:00:20.068 INFO [localhost-startStop-1] org.apache.catalina.startup.HostConfig.deployWAR Deploying web application archive [/home/kevin/YAN/Cloud_Workflow_YAWL/tomcat/apache-tomcat-8.5.23/webapps/documentStore.war]
21-Jan-2018 21:00:20.795 INFO [localhost-startStop-1] org.apache.jasper.servlet.TldScanner.scanJars At least one JAR was scanned for TLDs yet contained no TLDs. Enable debug logging for this logger for a complete list of JARs that were scanned but no TLDs were found in them. Skipping unneeded JARs during scanning can improve startup time and JSP compilation time.
21-Jan-2018 21:00:22.417 INFO [localhost-startStop-1] org.apache.catalina.startup.HostConfig.deployWAR Deployment of web application archive [/home/kevin/YAN/Cloud_Workflow_YAWL/tomcat/apache-tomcat-8.5.23/webapps/documentStore.war] has finished in [2,350] ms
21-Jan-2018 21:00:22.466 INFO [localhost-startStop-1] org.apache.catalina.startup.HostConfig.deployWAR Deploying web application archive [/home/kevin/YAN/Cloud_Workflow_YAWL/tomcat/apache-tomcat-8.5.23/webapps/digitalSignature.war]
21-Jan-2018 21:00:23.102 INFO [localhost-startStop-1] org.apache.jasper.servlet.TldScanner.scanJars At least one JAR was scanned for TLDs yet contained no TLDs. Enable debug logging for this logger for a complete list of JARs that were scanned but no TLDs were found in them. Skipping unneeded JARs during scanning can improve startup time and JSP compilation time.
21-Jan-2018 21:00:23.357 INFO [localhost-startStop-1] org.apache.catalina.startup.HostConfig.deployWAR Deployment of web application archive [/home/kevin/YAN/Cloud_Workflow_YAWL/tomcat/apache-tomcat-8.5.23/webapps/digitalSignature.war] has finished in [891] ms
21-Jan-2018 21:00:23.398 INFO [localhost-startStop-1] org.apache.catalina.startup.HostConfig.deployWAR Deploying web application archive [/home/kevin/YAN/Cloud_Workflow_YAWL/tomcat/apache-tomcat-8.5.23/webapps/yawlWSInvoker.war]
21-Jan-2018 21:00:23.836 INFO [localhost-startStop-1] org.apache.jasper.servlet.TldScanner.scanJars At least one JAR was scanned for TLDs yet contained no TLDs. Enable debug logging for this logger for a complete list of JARs that were scanned but no TLDs were found in them. Skipping unneeded JARs during scanning can improve startup time and JSP compilation time.
21-Jan-2018 21:00:24.110 INFO [localhost-startStop-1] org.apache.catalina.startup.HostConfig.deployWAR Deployment of web application archive [/home/kevin/YAN/Cloud_Workflow_YAWL/tomcat/apache-tomcat-8.5.23/webapps/yawlWSInvoker.war] has finished in [712] ms
21-Jan-2018 21:00:24.136 INFO [localhost-startStop-1] org.apache.catalina.startup.HostConfig.deployWAR Deploying web application archive [/home/kevin/YAN/Cloud_Workflow_YAWL/tomcat/apache-tomcat-8.5.23/webapps/costService.war]
21-Jan-2018 21:00:25.392 INFO [localhost-startStop-1] org.apache.jasper.servlet.TldScanner.scanJars At least one JAR was scanned for TLDs yet contained no TLDs. Enable debug logging for this logger for a complete list of JARs that were scanned but no TLDs were found in them. Skipping unneeded JARs during scanning can improve startup time and JSP compilation time.
21-Jan-2018 21:00:27.684 INFO [localhost-startStop-1] org.apache.catalina.startup.HostConfig.deployWAR Deployment of web application archive [/home/kevin/YAN/Cloud_Workflow_YAWL/tomcat/apache-tomcat-8.5.23/webapps/costService.war] has finished in [3,547] ms
21-Jan-2018 21:00:27.710 INFO [localhost-startStop-1] org.apache.catalina.startup.HostConfig.deployWAR Deploying web application archive [/home/kevin/YAN/Cloud_Workflow_YAWL/tomcat/apache-tomcat-8.5.23/webapps/workletService.war]
21-Jan-2018 21:00:28.721 INFO [localhost-startStop-1] org.apache.jasper.servlet.TldScanner.scanJars At least one JAR was scanned for TLDs yet contained no TLDs. Enable debug logging for this logger for a complete list of JARs that were scanned but no TLDs were found in them. Skipping unneeded JARs during scanning can improve startup time and JSP compilation time.
21-Jan-2018 21:00:31.470 INFO [localhost-startStop-1] org.apache.catalina.startup.HostConfig.deployWAR Deployment of web application archive [/home/kevin/YAN/Cloud_Workflow_YAWL/tomcat/apache-tomcat-8.5.23/webapps/workletService.war] has finished in [3,760] ms
21-Jan-2018 21:00:31.493 INFO [localhost-startStop-1] org.apache.catalina.startup.HostConfig.deployWAR Deploying web application archive [/home/kevin/YAN/Cloud_Workflow_YAWL/tomcat/apache-tomcat-8.5.23/webapps/mailSender.war]
21-Jan-2018 21:00:31.787 INFO [localhost-startStop-1] org.apache.jasper.servlet.TldScanner.scanJars At least one JAR was scanned for TLDs yet contained no TLDs. Enable debug logging for this logger for a complete list of JARs that were scanned but no TLDs were found in them. Skipping unneeded JARs during scanning can improve startup time and JSP compilation time.
21-Jan-2018 21:00:32.085 INFO [localhost-startStop-1] org.apache.catalina.startup.HostConfig.deployWAR Deployment of web application archive [/home/kevin/YAN/Cloud_Workflow_YAWL/tomcat/apache-tomcat-8.5.23/webapps/mailSender.war] has finished in [592] ms
21-Jan-2018 21:00:32.110 INFO [localhost-startStop-1] org.apache.catalina.startup.HostConfig.deployWAR Deploying web application archive [/home/kevin/YAN/Cloud_Workflow_YAWL/tomcat/apache-tomcat-8.5.23/webapps/monitorService.war]
21-Jan-2018 21:00:32.805 INFO [localhost-startStop-1] org.apache.jasper.servlet.TldScanner.scanJars At least one JAR was scanned for TLDs yet contained no TLDs. Enable debug logging for this logger for a complete list of JARs that were scanned but no TLDs were found in them. Skipping unneeded JARs during scanning can improve startup time and JSP compilation time.
21-Jan-2018 21:00:33.306 INFO [localhost-startStop-1] org.apache.catalina.startup.HostConfig.deployWAR Deployment of web application archive [/home/kevin/YAN/Cloud_Workflow_YAWL/tomcat/apache-tomcat-8.5.23/webapps/monitorService.war] has finished in [1,196] ms
21-Jan-2018 21:00:33.307 INFO [localhost-startStop-1] org.apache.catalina.startup.HostConfig.deployDirectory Deploying web application directory [/home/kevin/YAN/Cloud_Workflow_YAWL/tomcat/apache-tomcat-8.5.23/webapps/manager]
21-Jan-2018 21:00:33.346 INFO [localhost-startStop-1] org.apache.catalina.startup.HostConfig.deployDirectory Deployment of web application directory [/home/kevin/YAN/Cloud_Workflow_YAWL/tomcat/apache-tomcat-8.5.23/webapps/manager] has finished in [39] ms
21-Jan-2018 21:00:33.346 INFO [localhost-startStop-1] org.apache.catalina.startup.HostConfig.deployDirectory Deploying web application directory [/home/kevin/YAN/Cloud_Workflow_YAWL/tomcat/apache-tomcat-8.5.23/webapps/host-manager]
21-Jan-2018 21:00:33.361 INFO [localhost-startStop-1] org.apache.catalina.startup.HostConfig.deployDirectory Deployment of web application directory [/home/kevin/YAN/Cloud_Workflow_YAWL/tomcat/apache-tomcat-8.5.23/webapps/host-manager] has finished in [15] ms
21-Jan-2018 21:00:33.361 INFO [localhost-startStop-1] org.apache.catalina.startup.HostConfig.deployDirectory Deploying web application directory [/home/kevin/YAN/Cloud_Workflow_YAWL/tomcat/apache-tomcat-8.5.23/webapps/docs]
21-Jan-2018 21:00:33.387 INFO [localhost-startStop-1] org.apache.catalina.startup.HostConfig.deployDirectory Deployment of web application directory [/home/kevin/YAN/Cloud_Workflow_YAWL/tomcat/apache-tomcat-8.5.23/webapps/docs] has finished in [26] ms
21-Jan-2018 21:00:33.387 INFO [localhost-startStop-1] org.apache.catalina.startup.HostConfig.deployDirectory Deploying web application directory [/home/kevin/YAN/Cloud_Workflow_YAWL/tomcat/apache-tomcat-8.5.23/webapps/ROOT]
21-Jan-2018 21:00:33.406 INFO [localhost-startStop-1] org.apache.catalina.startup.HostConfig.deployDirectory Deployment of web application directory [/home/kevin/YAN/Cloud_Workflow_YAWL/tomcat/apache-tomcat-8.5.23/webapps/ROOT] has finished in [19] ms
21-Jan-2018 21:00:33.406 INFO [localhost-startStop-1] org.apache.catalina.startup.HostConfig.deployDirectory Deploying web application directory [/home/kevin/YAN/Cloud_Workflow_YAWL/tomcat/apache-tomcat-8.5.23/webapps/examples]
21-Jan-2018 21:00:33.831 INFO [localhost-startStop-1] org.apache.catalina.startup.HostConfig.deployDirectory Deployment of web application directory [/home/kevin/YAN/Cloud_Workflow_YAWL/tomcat/apache-tomcat-8.5.23/webapps/examples] has finished in [425] ms
21-Jan-2018 21:00:33.836 INFO [main] org.apache.coyote.AbstractProtocol.start Starting ProtocolHandler ["http-nio-8080"]
21-Jan-2018 21:00:33.852 INFO [main] org.apache.coyote.AbstractProtocol.start Starting ProtocolHandler ["ajp-nio-8009"]
21-Jan-2018 21:00:33.856 INFO [main] org.apache.catalina.startup.Catalina.start Server startup in 37943 ms
21-Jan-2018 21:01:26.035 INFO [http-nio-8080-exec-2] org.apache.tomcat.util.http.parser.Cookie.logInvalidHeader A cookie header was received [/Login.jsp=left:0&top:0; JSESSIONID=5B26C2AC6FA0C038D511A1B7ADD675EE; JSESSIONID=FF9A7048291B74964D8FB29D85D5BEDA; PL=rancher; CSRF=6D2291EC79; token=rCXeZdaiDD8c3kPCmbVXs6gxoqzsMgTArp8o8bwd; JSESSIONID=9B37E7ED8E9ECBACD4EEF2600D930EAD] that contained an invalid cookie. That cookie will be ignored.Note: further occurrences of this error will be logged at DEBUG level.
