18-Dec-2017 11:11:05.682 INFO [main] org.apache.catalina.startup.VersionLoggerListener.log Server version:        Apache Tomcat/8.5.23
18-Dec-2017 11:11:05.716 INFO [main] org.apache.catalina.startup.VersionLoggerListener.log Server built:          Sep 28 2017 10:30:11 UTC
18-Dec-2017 11:11:05.716 INFO [main] org.apache.catalina.startup.VersionLoggerListener.log Server number:         8.5.23.0
18-Dec-2017 11:11:05.716 INFO [main] org.apache.catalina.startup.VersionLoggerListener.log OS Name:               Linux
18-Dec-2017 11:11:05.716 INFO [main] org.apache.catalina.startup.VersionLoggerListener.log OS Version:            4.10.0-42-generic
18-Dec-2017 11:11:05.717 INFO [main] org.apache.catalina.startup.VersionLoggerListener.log Architecture:          amd64
18-Dec-2017 11:11:05.717 INFO [main] org.apache.catalina.startup.VersionLoggerListener.log Java Home:             /usr/lib/jvm/jdk1.8.0_144/jre
18-Dec-2017 11:11:05.717 INFO [main] org.apache.catalina.startup.VersionLoggerListener.log JVM Version:           1.8.0_144-b01
18-Dec-2017 11:11:05.717 INFO [main] org.apache.catalina.startup.VersionLoggerListener.log JVM Vendor:            Oracle Corporation
18-Dec-2017 11:11:05.717 INFO [main] org.apache.catalina.startup.VersionLoggerListener.log CATALINA_BASE:         /home/kevin/YAN/Cloud_Workflow_YAWL/tomcat/apache-tomcat-8.5.23
18-Dec-2017 11:11:05.717 INFO [main] org.apache.catalina.startup.VersionLoggerListener.log CATALINA_HOME:         /home/kevin/YAN/Cloud_Workflow_YAWL/tomcat/apache-tomcat-8.5.23
18-Dec-2017 11:11:05.718 INFO [main] org.apache.catalina.startup.VersionLoggerListener.log Command line argument: -Djava.util.logging.config.file=/home/kevin/YAN/Cloud_Workflow_YAWL/tomcat/apache-tomcat-8.5.23/conf/logging.properties
18-Dec-2017 11:11:05.718 INFO [main] org.apache.catalina.startup.VersionLoggerListener.log Command line argument: -Djava.util.logging.manager=org.apache.juli.ClassLoaderLogManager
18-Dec-2017 11:11:05.718 INFO [main] org.apache.catalina.startup.VersionLoggerListener.log Command line argument: -Djdk.tls.ephemeralDHKeySize=2048
18-Dec-2017 11:11:05.718 INFO [main] org.apache.catalina.startup.VersionLoggerListener.log Command line argument: -Djava.protocol.handler.pkgs=org.apache.catalina.webresources
18-Dec-2017 11:11:05.718 INFO [main] org.apache.catalina.startup.VersionLoggerListener.log Command line argument: -Dcatalina.base=/home/kevin/YAN/Cloud_Workflow_YAWL/tomcat/apache-tomcat-8.5.23
18-Dec-2017 11:11:05.719 INFO [main] org.apache.catalina.startup.VersionLoggerListener.log Command line argument: -Dcatalina.home=/home/kevin/YAN/Cloud_Workflow_YAWL/tomcat/apache-tomcat-8.5.23
18-Dec-2017 11:11:05.719 INFO [main] org.apache.catalina.startup.VersionLoggerListener.log Command line argument: -Djava.io.tmpdir=/home/kevin/YAN/Cloud_Workflow_YAWL/tomcat/apache-tomcat-8.5.23/temp
18-Dec-2017 11:11:05.719 INFO [main] org.apache.catalina.core.AprLifecycleListener.lifecycleEvent The APR based Apache Tomcat Native library which allows optimal performance in production environments was not found on the java.library.path: [/usr/java/packages/lib/amd64:/usr/lib64:/lib64:/lib:/usr/lib]
18-Dec-2017 11:11:06.315 INFO [main] org.apache.coyote.AbstractProtocol.init Initializing ProtocolHandler ["http-nio-8080"]
18-Dec-2017 11:11:06.332 INFO [main] org.apache.tomcat.util.net.NioSelectorPool.getSharedSelector Using a shared selector for servlet write/read
18-Dec-2017 11:11:06.351 INFO [main] org.apache.coyote.AbstractProtocol.init Initializing ProtocolHandler ["ajp-nio-8009"]
18-Dec-2017 11:11:06.352 INFO [main] org.apache.tomcat.util.net.NioSelectorPool.getSharedSelector Using a shared selector for servlet write/read
18-Dec-2017 11:11:06.358 INFO [main] org.apache.catalina.startup.Catalina.load Initialization processed in 1751 ms
18-Dec-2017 11:11:06.415 INFO [main] org.apache.catalina.core.StandardService.startInternal Starting service [Catalina]
18-Dec-2017 11:11:06.415 INFO [main] org.apache.catalina.core.StandardEngine.startInternal Starting Servlet Engine: Apache Tomcat/8.5.23
18-Dec-2017 11:11:06.550 INFO [localhost-startStop-1] org.apache.catalina.startup.HostConfig.deployWAR Deploying web application archive [/home/kevin/YAN/Cloud_Workflow_YAWL/tomcat/apache-tomcat-8.5.23/webapps/yawlSMSInvoker.war]
18-Dec-2017 11:11:08.095 INFO [localhost-startStop-1] org.apache.catalina.startup.HostConfig.deployWAR Deployment of web application archive [/home/kevin/YAN/Cloud_Workflow_YAWL/tomcat/apache-tomcat-8.5.23/webapps/yawlSMSInvoker.war] has finished in [1,544] ms
18-Dec-2017 11:11:08.143 INFO [localhost-startStop-1] org.apache.catalina.startup.HostConfig.deployWAR Deploying web application archive [/home/kevin/YAN/Cloud_Workflow_YAWL/tomcat/apache-tomcat-8.5.23/webapps/resourceService.war]
18-Dec-2017 11:11:11.267 INFO [localhost-startStop-1] org.apache.jasper.servlet.TldScanner.scanJars At least one JAR was scanned for TLDs yet contained no TLDs. Enable debug logging for this logger for a complete list of JARs that were scanned but no TLDs were found in them. Skipping unneeded JARs during scanning can improve startup time and JSP compilation time.
18-Dec-2017 11:11:16.293 INFO [localhost-startStop-1] org.apache.catalina.startup.HostConfig.deployWAR Deployment of web application archive [/home/kevin/YAN/Cloud_Workflow_YAWL/tomcat/apache-tomcat-8.5.23/webapps/resourceService.war] has finished in [8,150] ms
18-Dec-2017 11:11:16.342 INFO [localhost-startStop-1] org.apache.catalina.startup.HostConfig.deployWAR Deploying web application archive [/home/kevin/YAN/Cloud_Workflow_YAWL/tomcat/apache-tomcat-8.5.23/webapps/twitterService.war]
18-Dec-2017 11:11:17.623 INFO [localhost-startStop-1] org.apache.jasper.servlet.TldScanner.scanJars At least one JAR was scanned for TLDs yet contained no TLDs. Enable debug logging for this logger for a complete list of JARs that were scanned but no TLDs were found in them. Skipping unneeded JARs during scanning can improve startup time and JSP compilation time.
18-Dec-2017 11:11:17.941 INFO [localhost-startStop-1] org.apache.catalina.startup.HostConfig.deployWAR Deployment of web application archive [/home/kevin/YAN/Cloud_Workflow_YAWL/tomcat/apache-tomcat-8.5.23/webapps/twitterService.war] has finished in [1,600] ms
18-Dec-2017 11:11:17.984 INFO [localhost-startStop-1] org.apache.catalina.startup.HostConfig.deployWAR Deploying web application archive [/home/kevin/YAN/Cloud_Workflow_YAWL/tomcat/apache-tomcat-8.5.23/webapps/mailService.war]
18-Dec-2017 11:11:18.338 INFO [localhost-startStop-1] org.apache.jasper.servlet.TldScanner.scanJars At least one JAR was scanned for TLDs yet contained no TLDs. Enable debug logging for this logger for a complete list of JARs that were scanned but no TLDs were found in them. Skipping unneeded JARs during scanning can improve startup time and JSP compilation time.
18-Dec-2017 11:11:18.620 INFO [localhost-startStop-1] org.apache.catalina.startup.HostConfig.deployWAR Deployment of web application archive [/home/kevin/YAN/Cloud_Workflow_YAWL/tomcat/apache-tomcat-8.5.23/webapps/mailService.war] has finished in [637] ms
18-Dec-2017 11:11:18.735 INFO [localhost-startStop-1] org.apache.catalina.startup.HostConfig.deployWAR Deploying web application archive [/home/kevin/YAN/Cloud_Workflow_YAWL/tomcat/apache-tomcat-8.5.23/webapps/yawl.war]
18-Dec-2017 11:11:19.916 INFO [localhost-startStop-1] org.apache.jasper.servlet.TldScanner.scanJars At least one JAR was scanned for TLDs yet contained no TLDs. Enable debug logging for this logger for a complete list of JARs that were scanned but no TLDs were found in them. Skipping unneeded JARs during scanning can improve startup time and JSP compilation time.
18-Dec-2017 11:11:23.100 INFO [localhost-startStop-1] org.apache.catalina.startup.HostConfig.deployWAR Deployment of web application archive [/home/kevin/YAN/Cloud_Workflow_YAWL/tomcat/apache-tomcat-8.5.23/webapps/yawl.war] has finished in [4,366] ms
18-Dec-2017 11:11:23.146 INFO [localhost-startStop-1] org.apache.catalina.startup.HostConfig.deployWAR Deploying web application archive [/home/kevin/YAN/Cloud_Workflow_YAWL/tomcat/apache-tomcat-8.5.23/webapps/schedulingService.war]
18-Dec-2017 11:11:24.366 INFO [localhost-startStop-1] org.apache.jasper.servlet.TldScanner.scanJars At least one JAR was scanned for TLDs yet contained no TLDs. Enable debug logging for this logger for a complete list of JARs that were scanned but no TLDs were found in them. Skipping unneeded JARs during scanning can improve startup time and JSP compilation time.
18-Dec-2017 11:11:26.263 INFO [localhost-startStop-1] org.apache.catalina.startup.HostConfig.deployWAR Deployment of web application archive [/home/kevin/YAN/Cloud_Workflow_YAWL/tomcat/apache-tomcat-8.5.23/webapps/schedulingService.war] has finished in [3,117] ms
18-Dec-2017 11:11:26.311 INFO [localhost-startStop-1] org.apache.catalina.startup.HostConfig.deployWAR Deploying web application archive [/home/kevin/YAN/Cloud_Workflow_YAWL/tomcat/apache-tomcat-8.5.23/webapps/procletService.war]
18-Dec-2017 11:11:27.524 INFO [localhost-startStop-1] org.apache.jasper.servlet.TldScanner.scanJars At least one JAR was scanned for TLDs yet contained no TLDs. Enable debug logging for this logger for a complete list of JARs that were scanned but no TLDs were found in them. Skipping unneeded JARs during scanning can improve startup time and JSP compilation time.
18-Dec-2017 11:11:29.368 INFO [localhost-startStop-1] org.apache.catalina.startup.HostConfig.deployWAR Deployment of web application archive [/home/kevin/YAN/Cloud_Workflow_YAWL/tomcat/apache-tomcat-8.5.23/webapps/procletService.war] has finished in [3,057] ms
18-Dec-2017 11:11:29.476 INFO [localhost-startStop-1] org.apache.catalina.startup.HostConfig.deployWAR Deploying web application archive [/home/kevin/YAN/Cloud_Workflow_YAWL/tomcat/apache-tomcat-8.5.23/webapps/documentStore.war]
18-Dec-2017 11:11:30.166 INFO [localhost-startStop-1] org.apache.jasper.servlet.TldScanner.scanJars At least one JAR was scanned for TLDs yet contained no TLDs. Enable debug logging for this logger for a complete list of JARs that were scanned but no TLDs were found in them. Skipping unneeded JARs during scanning can improve startup time and JSP compilation time.
18-Dec-2017 11:11:31.661 INFO [localhost-startStop-1] org.apache.catalina.startup.HostConfig.deployWAR Deployment of web application archive [/home/kevin/YAN/Cloud_Workflow_YAWL/tomcat/apache-tomcat-8.5.23/webapps/documentStore.war] has finished in [2,185] ms
18-Dec-2017 11:11:31.708 INFO [localhost-startStop-1] org.apache.catalina.startup.HostConfig.deployWAR Deploying web application archive [/home/kevin/YAN/Cloud_Workflow_YAWL/tomcat/apache-tomcat-8.5.23/webapps/digitalSignature.war]
18-Dec-2017 11:11:32.415 INFO [localhost-startStop-1] org.apache.jasper.servlet.TldScanner.scanJars At least one JAR was scanned for TLDs yet contained no TLDs. Enable debug logging for this logger for a complete list of JARs that were scanned but no TLDs were found in them. Skipping unneeded JARs during scanning can improve startup time and JSP compilation time.
18-Dec-2017 11:11:32.734 INFO [localhost-startStop-1] org.apache.catalina.startup.HostConfig.deployWAR Deployment of web application archive [/home/kevin/YAN/Cloud_Workflow_YAWL/tomcat/apache-tomcat-8.5.23/webapps/digitalSignature.war] has finished in [1,026] ms
18-Dec-2017 11:11:32.756 INFO [localhost-startStop-1] org.apache.catalina.startup.HostConfig.deployWAR Deploying web application archive [/home/kevin/YAN/Cloud_Workflow_YAWL/tomcat/apache-tomcat-8.5.23/webapps/yawlWSInvoker.war]
18-Dec-2017 11:11:33.201 INFO [localhost-startStop-1] org.apache.jasper.servlet.TldScanner.scanJars At least one JAR was scanned for TLDs yet contained no TLDs. Enable debug logging for this logger for a complete list of JARs that were scanned but no TLDs were found in them. Skipping unneeded JARs during scanning can improve startup time and JSP compilation time.
18-Dec-2017 11:11:33.445 INFO [localhost-startStop-1] org.apache.catalina.startup.HostConfig.deployWAR Deployment of web application archive [/home/kevin/YAN/Cloud_Workflow_YAWL/tomcat/apache-tomcat-8.5.23/webapps/yawlWSInvoker.war] has finished in [689] ms
18-Dec-2017 11:11:33.469 INFO [localhost-startStop-1] org.apache.catalina.startup.HostConfig.deployWAR Deploying web application archive [/home/kevin/YAN/Cloud_Workflow_YAWL/tomcat/apache-tomcat-8.5.23/webapps/costService.war]
18-Dec-2017 11:11:34.562 INFO [localhost-startStop-1] org.apache.jasper.servlet.TldScanner.scanJars At least one JAR was scanned for TLDs yet contained no TLDs. Enable debug logging for this logger for a complete list of JARs that were scanned but no TLDs were found in them. Skipping unneeded JARs during scanning can improve startup time and JSP compilation time.
18-Dec-2017 11:11:36.758 INFO [localhost-startStop-1] org.apache.catalina.startup.HostConfig.deployWAR Deployment of web application archive [/home/kevin/YAN/Cloud_Workflow_YAWL/tomcat/apache-tomcat-8.5.23/webapps/costService.war] has finished in [3,289] ms
18-Dec-2017 11:11:36.785 INFO [localhost-startStop-1] org.apache.catalina.startup.HostConfig.deployWAR Deploying web application archive [/home/kevin/YAN/Cloud_Workflow_YAWL/tomcat/apache-tomcat-8.5.23/webapps/workletService.war]
18-Dec-2017 11:11:38.092 INFO [localhost-startStop-1] org.apache.jasper.servlet.TldScanner.scanJars At least one JAR was scanned for TLDs yet contained no TLDs. Enable debug logging for this logger for a complete list of JARs that were scanned but no TLDs were found in them. Skipping unneeded JARs during scanning can improve startup time and JSP compilation time.
18-Dec-2017 11:11:40.797 INFO [localhost-startStop-1] org.apache.catalina.startup.HostConfig.deployWAR Deployment of web application archive [/home/kevin/YAN/Cloud_Workflow_YAWL/tomcat/apache-tomcat-8.5.23/webapps/workletService.war] has finished in [4,012] ms
18-Dec-2017 11:11:40.818 INFO [localhost-startStop-1] org.apache.catalina.startup.HostConfig.deployWAR Deploying web application archive [/home/kevin/YAN/Cloud_Workflow_YAWL/tomcat/apache-tomcat-8.5.23/webapps/mailSender.war]
18-Dec-2017 11:11:41.150 INFO [localhost-startStop-1] org.apache.jasper.servlet.TldScanner.scanJars At least one JAR was scanned for TLDs yet contained no TLDs. Enable debug logging for this logger for a complete list of JARs that were scanned but no TLDs were found in them. Skipping unneeded JARs during scanning can improve startup time and JSP compilation time.
18-Dec-2017 11:11:41.393 INFO [localhost-startStop-1] org.apache.catalina.startup.HostConfig.deployWAR Deployment of web application archive [/home/kevin/YAN/Cloud_Workflow_YAWL/tomcat/apache-tomcat-8.5.23/webapps/mailSender.war] has finished in [575] ms
18-Dec-2017 11:11:41.418 INFO [localhost-startStop-1] org.apache.catalina.startup.HostConfig.deployWAR Deploying web application archive [/home/kevin/YAN/Cloud_Workflow_YAWL/tomcat/apache-tomcat-8.5.23/webapps/monitorService.war]
18-Dec-2017 11:11:41.937 INFO [localhost-startStop-1] org.apache.jasper.servlet.TldScanner.scanJars At least one JAR was scanned for TLDs yet contained no TLDs. Enable debug logging for this logger for a complete list of JARs that were scanned but no TLDs were found in them. Skipping unneeded JARs during scanning can improve startup time and JSP compilation time.
18-Dec-2017 11:11:42.445 INFO [localhost-startStop-1] org.apache.catalina.startup.HostConfig.deployWAR Deployment of web application archive [/home/kevin/YAN/Cloud_Workflow_YAWL/tomcat/apache-tomcat-8.5.23/webapps/monitorService.war] has finished in [1,027] ms
18-Dec-2017 11:11:42.446 INFO [localhost-startStop-1] org.apache.catalina.startup.HostConfig.deployDirectory Deploying web application directory [/home/kevin/YAN/Cloud_Workflow_YAWL/tomcat/apache-tomcat-8.5.23/webapps/manager]
18-Dec-2017 11:11:42.489 INFO [localhost-startStop-1] org.apache.catalina.startup.HostConfig.deployDirectory Deployment of web application directory [/home/kevin/YAN/Cloud_Workflow_YAWL/tomcat/apache-tomcat-8.5.23/webapps/manager] has finished in [43] ms
18-Dec-2017 11:11:42.490 INFO [localhost-startStop-1] org.apache.catalina.startup.HostConfig.deployDirectory Deploying web application directory [/home/kevin/YAN/Cloud_Workflow_YAWL/tomcat/apache-tomcat-8.5.23/webapps/host-manager]
18-Dec-2017 11:11:42.506 INFO [localhost-startStop-1] org.apache.catalina.startup.HostConfig.deployDirectory Deployment of web application directory [/home/kevin/YAN/Cloud_Workflow_YAWL/tomcat/apache-tomcat-8.5.23/webapps/host-manager] has finished in [17] ms
18-Dec-2017 11:11:42.506 INFO [localhost-startStop-1] org.apache.catalina.startup.HostConfig.deployDirectory Deploying web application directory [/home/kevin/YAN/Cloud_Workflow_YAWL/tomcat/apache-tomcat-8.5.23/webapps/docs]
18-Dec-2017 11:11:42.561 INFO [localhost-startStop-1] org.apache.catalina.startup.HostConfig.deployDirectory Deployment of web application directory [/home/kevin/YAN/Cloud_Workflow_YAWL/tomcat/apache-tomcat-8.5.23/webapps/docs] has finished in [55] ms
18-Dec-2017 11:11:42.562 INFO [localhost-startStop-1] org.apache.catalina.startup.HostConfig.deployDirectory Deploying web application directory [/home/kevin/YAN/Cloud_Workflow_YAWL/tomcat/apache-tomcat-8.5.23/webapps/ROOT]
18-Dec-2017 11:11:42.581 INFO [localhost-startStop-1] org.apache.catalina.startup.HostConfig.deployDirectory Deployment of web application directory [/home/kevin/YAN/Cloud_Workflow_YAWL/tomcat/apache-tomcat-8.5.23/webapps/ROOT] has finished in [19] ms
18-Dec-2017 11:11:42.581 INFO [localhost-startStop-1] org.apache.catalina.startup.HostConfig.deployDirectory Deploying web application directory [/home/kevin/YAN/Cloud_Workflow_YAWL/tomcat/apache-tomcat-8.5.23/webapps/examples]
18-Dec-2017 11:11:43.130 INFO [localhost-startStop-1] org.apache.catalina.startup.HostConfig.deployDirectory Deployment of web application directory [/home/kevin/YAN/Cloud_Workflow_YAWL/tomcat/apache-tomcat-8.5.23/webapps/examples] has finished in [549] ms
18-Dec-2017 11:11:43.137 INFO [main] org.apache.coyote.AbstractProtocol.start Starting ProtocolHandler ["http-nio-8080"]
18-Dec-2017 11:11:43.166 INFO [main] org.apache.coyote.AbstractProtocol.start Starting ProtocolHandler ["ajp-nio-8009"]
18-Dec-2017 11:11:43.167 INFO [main] org.apache.catalina.startup.Catalina.start Server startup in 36809 ms
18-Dec-2017 11:13:20.994 INFO [http-nio-8080-exec-7] org.apache.tomcat.util.http.parser.Cookie.logInvalidHeader A cookie header was received [/Login.jsp=left:0&top:0; JSESSIONID=5B26C2AC6FA0C038D511A1B7ADD675EE; JSESSIONID=3CEAD362610D50FFB4EF1723A4651378; PL=rancher; CSRF=6D2291EC79; token=rCXeZdaiDD8c3kPCmbVXs6gxoqzsMgTArp8o8bwd] that contained an invalid cookie. That cookie will be ignored.Note: further occurrences of this error will be logged at DEBUG level.
18-Dec-2017 15:35:52.228 WARNING [main] org.apache.catalina.core.StandardServer.await StandardServer.await: Invalid command '' received
18-Dec-2017 15:38:46.198 WARNING [main] org.apache.catalina.core.StandardServer.await StandardServer.await: Invalid command '' received
18-Dec-2017 15:38:59.992 WARNING [main] org.apache.catalina.core.StandardServer.await StandardServer.await: Invalid command '' received
18-Dec-2017 16:02:50.558 WARNING [main] org.apache.catalina.core.StandardServer.await StandardServer.await: Invalid command '' received
